<?xml version="1.0" encoding="UTF-8"?>
<!-- Generated by org.testng.reporters.JUnitXMLReporter -->
<testsuite ignored="0" hostname="DESKTOP-5VGD0PP" failures="0" tests="6" name="Default test" time="23.184" errors="0" timestamp="2024-07-02T08:24:13 IST">
  <testcase classname="TestCase.MakeMyTripSearchTestcase" name="SearchWithValidValues" time="5.273"/>
  <testcase classname="TestCase.MakeMyTripSearchTestcase" name="SearchWithValidValues" time="4.997"/>
  <testcase classname="TestCase.MakeMyTripSearchTestcase" name="SearchWithValidValues" time="4.669"/>
  <testcase classname="TestCase.MakeMyTripSearchTestcase" name="SearchWithinValidValues" time="1.734"/>
  <testcase classname="TestCase.MakeMyTripSearchTestcase" name="SearchWithinValidValues" time="1.414"/>
  <testcase classname="TestCase.MakeMyTripSearchTestcase" name="SearchWithinValidValues" time="1.5"/>
</testsuite> <!-- Default test -->
