<?xml version="1.0" encoding="UTF-8"?>
<!-- Generated by org.testng.reporters.JUnitXMLReporter -->
<testsuite ignored="0" hostname="DESKTOP-5VGD0PP" failures="0" tests="6" name="Test" time="23.648" errors="0" timestamp="2024-07-02T08:25:32 IST">
  <testcase classname="TestCase.MakeMyTripSearchTestcase" name="SearchWithValidValues" time="4.705"/>
  <testcase classname="TestCase.MakeMyTripSearchTestcase" name="SearchWithValidValues" time="5.314"/>
  <testcase classname="TestCase.MakeMyTripSearchTestcase" name="SearchWithValidValues" time="5.506"/>
  <testcase classname="TestCase.MakeMyTripSearchTestcase" name="SearchWithinValidValues" time="1.61"/>
  <testcase classname="TestCase.MakeMyTripSearchTestcase" name="SearchWithinValidValues" time="1.407"/>
  <testcase classname="TestCase.MakeMyTripSearchTestcase" name="SearchWithinValidValues" time="1.499"/>
</testsuite> <!-- Test -->
