<?xml version="1.0" encoding="UTF-8"?>
<!-- Generated by org.testng.reporters.JUnitXMLReporter -->
<testsuite ignored="0" hostname="DESKTOP-5VGD0PP" failures="0" tests="6" name="Test" time="27.526" errors="0" timestamp="2024-07-02T08:33:28 IST">
  <testcase classname="TestCase.MakeMyTripSearchTestcase" name="SearchWithValidValues" time="5.263"/>
  <testcase classname="TestCase.MakeMyTripSearchTestcase" name="SearchWithValidValues" time="6.454"/>
  <testcase classname="TestCase.MakeMyTripSearchTestcase" name="SearchWithValidValues" time="5.668"/>
  <testcase classname="TestCase.MakeMyTripSearchTestcase" name="SearchWithinValidValues" time="1.921"/>
  <testcase classname="TestCase.MakeMyTripSearchTestcase" name="SearchWithinValidValues" time="1.541"/>
  <testcase classname="TestCase.MakeMyTripSearchTestcase" name="SearchWithinValidValues" time="1.548"/>
</testsuite> <!-- Test -->
